c:\users\jbrid\dropbox\video games\starscapeescape\starscapeescape\x64\debug\vc141.pdb
c:\users\jbrid\dropbox\video games\starscapeescape\starscapeescape\x64\debug\vc141.idb
c:\users\jbrid\dropbox\video games\starscapeescape\starscapeescape\x64\debug\allison.obj
c:\users\jbrid\dropbox\video games\starscapeescape\starscapeescape\x64\debug\bee.obj
c:\users\jbrid\dropbox\video games\starscapeescape\starscapeescape\x64\debug\caleb.obj
c:\users\jbrid\dropbox\video games\starscapeescape\starscapeescape\x64\debug\character.obj
c:\users\jbrid\dropbox\video games\starscapeescape\starscapeescape\x64\debug\level.obj
c:\users\jbrid\dropbox\video games\starscapeescape\starscapeescape\x64\debug\platform.obj
c:\users\jbrid\dropbox\video games\starscapeescape\starscapeescape\x64\debug\player.obj
c:\users\jbrid\dropbox\video games\starscapeescape\starscapeescape\x64\debug\screen.obj
c:\users\jbrid\dropbox\video games\starscapeescape\starscapeescape\x64\debug\starscapeescape.obj
c:\users\jbrid\dropbox\video games\starscapeescape\x64\debug\starscapeescape.ilk
c:\users\jbrid\dropbox\video games\starscapeescape\x64\debug\starscapeescape.exe
c:\users\jbrid\dropbox\video games\starscapeescape\x64\debug\starscapeescape.pdb
c:\users\jbrid\dropbox\video games\starscapeescape\starscapeescape\x64\debug\starscapeescape.tlog\cl.command.1.tlog
c:\users\jbrid\dropbox\video games\starscapeescape\starscapeescape\x64\debug\starscapeescape.tlog\cl.read.1.tlog
c:\users\jbrid\dropbox\video games\starscapeescape\starscapeescape\x64\debug\starscapeescape.tlog\cl.write.1.tlog
c:\users\jbrid\dropbox\video games\starscapeescape\starscapeescape\x64\debug\starscapeescape.tlog\link.command.1.tlog
c:\users\jbrid\dropbox\video games\starscapeescape\starscapeescape\x64\debug\starscapeescape.tlog\link.read.1.tlog
c:\users\jbrid\dropbox\video games\starscapeescape\starscapeescape\x64\debug\starscapeescape.tlog\link.write.1.tlog
